2026-03-19 20:23:00,210 - INFO - Starting ingestion. Last run: 2000-01-01T00:00:00, Offset: 0
2026-03-19 20:23:11,235 - ERROR - \u274c Failed at offset 0
2026-03-19 20:23:11,236 - ERROR - Ingestion failed
2026-03-19 20:24:16,603 - INFO - Starting ingestion. Last run: 2000-01-01T00:00:00, Offset: 0
2026-03-19 20:24:27,432 - ERROR - \u274c Failed at offset 0
2026-03-19 20:24:27,433 - ERROR - Ingestion failed
2026-03-19 20:25:55,353 - INFO - Starting ingestion. Last run: 2000-01-01T00:00:00, Offset: 0
2026-03-19 20:26:06,161 - ERROR - \u274c Failed at offset 0
2026-03-19 20:26:06,162 - ERROR - Ingestion failed
2026-03-19 20:29:16,642 - INFO - Starting ingestion. Last run: 2000-01-01T00:00:00, Offset: 0
2026-03-19 20:30:40,768 - INFO - Starting ingestion from offset 0
2026-03-19 20:30:44,272 - INFO - Saved 1000 records at offset 0
2026-03-19 20:30:48,821 - INFO - Saved 1000 records at offset 1000
2026-03-19 20:30:53,757 - INFO - Saved 1000 records at offset 2000
2026-03-19 20:30:58,351 - INFO - Saved 1000 records at offset 3000
2026-03-19 20:31:03,224 - INFO - Saved 1000 records at offset 4000
2026-03-19 20:31:07,266 - INFO - Saved 1000 records at offset 5000
2026-03-19 20:31:11,781 - INFO - Saved 1000 records at offset 6000
2026-03-19 20:31:16,295 - INFO - Saved 1000 records at offset 7000
2026-03-19 20:31:20,125 - INFO - Saved 1000 records at offset 8000
2026-03-19 20:31:24,118 - INFO - Saved 1000 records at offset 9000
2026-03-19 20:31:28,332 - INFO - Saved 1000 records at offset 10000
2026-03-19 20:31:32,036 - INFO - Saved 1000 records at offset 11000
2026-03-19 20:31:37,256 - INFO - Saved 1000 records at offset 12000
2026-03-19 20:31:41,093 - INFO - Saved 1000 records at offset 13000
2026-03-19 20:31:45,953 - INFO - Saved 1000 records at offset 14000
2026-03-20 10:09:52,921 - INFO - Starting ingestion from offset 15000
2026-03-20 10:09:56,122 - INFO - Saved 1000 records at offset 15000
2026-03-20 10:09:59,600 - INFO - Saved 1000 records at offset 16000
2026-03-20 10:10:04,341 - INFO - Saved 1000 records at offset 17000
2026-03-20 10:10:08,564 - INFO - Saved 1000 records at offset 18000
2026-03-20 10:10:12,233 - INFO - Saved 1000 records at offset 19000
2026-03-20 10:10:16,423 - INFO - Saved 1000 records at offset 20000
2026-03-20 10:10:20,095 - INFO - Saved 1000 records at offset 21000
2026-03-20 10:10:23,547 - INFO - Saved 1000 records at offset 22000
2026-03-20 10:10:27,232 - INFO - Saved 1000 records at offset 23000
2026-03-20 10:10:30,761 - INFO - Saved 1000 records at offset 24000
2026-03-20 10:10:34,304 - INFO - Saved 1000 records at offset 25000
2026-03-20 10:10:38,380 - INFO - Saved 1000 records at offset 26000
2026-03-20 10:10:42,403 - INFO - Saved 1000 records at offset 27000
2026-03-20 10:10:46,152 - INFO - Saved 1000 records at offset 28000
2026-03-20 10:10:50,048 - INFO - Saved 1000 records at offset 29000
2026-03-20 10:10:53,794 - INFO - Saved 1000 records at offset 30000
2026-03-20 10:10:57,449 - INFO - Saved 1000 records at offset 31000
2026-03-20 10:11:01,012 - INFO - Saved 1000 records at offset 32000
2026-03-20 10:11:05,231 - INFO - Saved 1000 records at offset 33000
2026-03-20 10:11:09,220 - INFO - Saved 1000 records at offset 34000
2026-03-20 10:11:13,208 - INFO - Saved 1000 records at offset 35000
2026-03-20 10:11:16,635 - INFO - Saved 1000 records at offset 36000
2026-03-20 10:11:20,180 - INFO - Saved 1000 records at offset 37000
2026-03-20 10:11:23,902 - INFO - Saved 1000 records at offset 38000
2026-03-20 10:11:27,702 - INFO - Saved 1000 records at offset 39000
2026-03-20 10:11:31,669 - INFO - Saved 1000 records at offset 40000
2026-03-20 10:11:35,251 - INFO - Saved 1000 records at offset 41000
2026-03-20 10:11:39,263 - INFO - Saved 1000 records at offset 42000
2026-03-20 10:11:43,427 - INFO - Saved 1000 records at offset 43000
2026-03-20 10:11:47,032 - INFO - Saved 1000 records at offset 44000
2026-03-20 10:11:50,852 - INFO - Saved 1000 records at offset 45000
2026-03-20 10:11:54,792 - INFO - Saved 1000 records at offset 46000
2026-03-20 10:11:58,203 - INFO - Saved 1000 records at offset 47000
2026-03-20 10:12:01,760 - INFO - Saved 1000 records at offset 48000
2026-03-20 10:12:05,511 - INFO - Saved 1000 records at offset 49000
2026-03-20 10:12:09,368 - INFO - Saved 1000 records at offset 50000
2026-03-20 10:12:13,052 - INFO - Saved 1000 records at offset 51000
2026-03-20 10:12:16,458 - INFO - Saved 1000 records at offset 52000
2026-03-20 10:12:20,074 - INFO - Saved 1000 records at offset 53000
2026-03-20 10:12:24,461 - INFO - Saved 1000 records at offset 54000
2026-03-20 10:12:28,408 - INFO - Saved 1000 records at offset 55000
2026-03-20 10:12:32,070 - INFO - Saved 1000 records at offset 56000
2026-03-20 10:12:35,783 - INFO - Saved 1000 records at offset 57000
2026-03-20 10:12:40,275 - INFO - Saved 1000 records at offset 58000
2026-03-20 10:12:44,093 - INFO - Saved 1000 records at offset 59000
2026-03-20 10:12:48,319 - INFO - Saved 1000 records at offset 60000
2026-03-20 10:12:51,670 - INFO - Saved 1000 records at offset 61000
2026-03-20 10:12:55,580 - INFO - Saved 1000 records at offset 62000
2026-03-20 10:12:59,673 - INFO - Saved 1000 records at offset 63000
2026-03-20 10:13:03,474 - INFO - Saved 1000 records at offset 64000
2026-03-20 10:13:06,870 - INFO - Saved 1000 records at offset 65000
2026-03-20 10:13:10,870 - INFO - Saved 1000 records at offset 66000
2026-03-20 10:13:14,184 - INFO - Saved 1000 records at offset 67000
2026-03-20 10:13:17,975 - INFO - Saved 1000 records at offset 68000
2026-03-20 10:13:21,921 - INFO - Saved 1000 records at offset 69000
2026-03-20 10:13:25,460 - INFO - Saved 1000 records at offset 70000
2026-03-20 10:13:29,184 - INFO - Saved 1000 records at offset 71000
2026-03-20 10:13:32,709 - INFO - Saved 1000 records at offset 72000
2026-03-20 10:13:36,245 - INFO - Saved 1000 records at offset 73000
2026-03-20 10:13:39,998 - INFO - Saved 1000 records at offset 74000
2026-03-20 10:13:43,633 - INFO - Saved 1000 records at offset 75000
2026-03-20 10:13:47,081 - INFO - Saved 1000 records at offset 76000
2026-03-20 10:13:50,680 - INFO - Saved 1000 records at offset 77000
2026-03-20 10:13:54,024 - INFO - Saved 1000 records at offset 78000
2026-03-20 10:13:57,431 - INFO - Saved 1000 records at offset 79000
2026-03-20 10:14:00,853 - INFO - Saved 1000 records at offset 80000
2026-03-20 10:14:04,699 - INFO - Saved 1000 records at offset 81000
2026-03-20 10:14:08,167 - INFO - Saved 1000 records at offset 82000
2026-03-20 10:14:11,889 - INFO - Saved 1000 records at offset 83000
2026-03-20 10:14:15,370 - INFO - Saved 1000 records at offset 84000
2026-03-20 10:14:18,930 - INFO - Saved 1000 records at offset 85000
2026-03-20 10:14:22,696 - INFO - Saved 1000 records at offset 86000
2026-03-20 10:14:26,251 - INFO - Saved 1000 records at offset 87000
2026-03-20 10:14:29,671 - INFO - Saved 1000 records at offset 88000
2026-03-20 10:14:33,023 - INFO - Saved 1000 records at offset 89000
2026-03-20 10:14:36,698 - INFO - Saved 1000 records at offset 90000
2026-03-20 10:14:40,476 - INFO - Saved 1000 records at offset 91000
2026-03-20 10:14:44,208 - INFO - Saved 1000 records at offset 92000
2026-03-20 10:14:47,999 - INFO - Saved 1000 records at offset 93000
2026-03-20 10:14:52,055 - INFO - Saved 1000 records at offset 94000
2026-03-20 10:14:55,734 - INFO - Saved 1000 records at offset 95000
2026-03-20 10:14:59,164 - INFO - Saved 1000 records at offset 96000
2026-03-20 10:15:03,690 - INFO - Saved 1000 records at offset 97000
2026-03-20 10:15:07,174 - INFO - Saved 1000 records at offset 98000
2026-03-20 10:15:10,886 - INFO - Saved 1000 records at offset 99000
2026-03-20 10:15:14,717 - INFO - Saved 1000 records at offset 100000
2026-03-20 10:15:18,541 - INFO - Saved 1000 records at offset 101000
2026-03-20 10:15:22,133 - INFO - Saved 1000 records at offset 102000
2026-03-20 10:15:25,564 - INFO - Saved 1000 records at offset 103000
2026-03-20 10:15:29,091 - INFO - Saved 1000 records at offset 104000
2026-03-20 10:15:32,670 - INFO - Saved 1000 records at offset 105000
2026-03-20 10:15:36,061 - INFO - Saved 1000 records at offset 106000
2026-03-20 10:15:39,562 - INFO - Saved 1000 records at offset 107000
2026-03-20 10:15:43,041 - INFO - Saved 1000 records at offset 108000
2026-03-20 10:15:46,745 - INFO - Saved 1000 records at offset 109000
2026-03-20 10:15:50,539 - INFO - Saved 1000 records at offset 110000
2026-03-20 10:15:54,167 - INFO - Saved 1000 records at offset 111000
2026-03-20 10:15:57,489 - INFO - Saved 1000 records at offset 112000
2026-03-20 10:16:01,404 - INFO - Saved 1000 records at offset 113000
2026-03-20 10:16:05,371 - INFO - Saved 1000 records at offset 114000
2026-03-20 10:16:08,937 - INFO - Saved 1000 records at offset 115000
2026-03-20 10:16:12,936 - INFO - Saved 1000 records at offset 116000
2026-03-20 10:16:16,241 - INFO - Saved 1000 records at offset 117000
2026-03-20 10:16:19,721 - INFO - Saved 1000 records at offset 118000
2026-03-20 10:16:23,610 - INFO - Saved 1000 records at offset 119000
2026-03-20 10:16:27,450 - INFO - Saved 1000 records at offset 120000
2026-03-20 10:16:31,068 - INFO - Saved 1000 records at offset 121000
2026-03-20 10:16:34,675 - INFO - Saved 1000 records at offset 122000
2026-03-20 10:16:38,370 - INFO - Saved 1000 records at offset 123000
2026-03-20 10:16:42,011 - INFO - Saved 1000 records at offset 124000
2026-03-20 10:16:46,054 - INFO - Saved 1000 records at offset 125000
2026-03-20 10:16:49,932 - INFO - Saved 1000 records at offset 126000
2026-03-20 10:16:53,475 - INFO - Saved 1000 records at offset 127000
2026-03-20 10:16:57,459 - INFO - Saved 1000 records at offset 128000
2026-03-20 10:17:00,694 - INFO - Saved 1000 records at offset 129000
2026-03-20 10:17:04,673 - INFO - Saved 1000 records at offset 130000
2026-03-20 10:17:08,442 - INFO - Saved 1000 records at offset 131000
2026-03-20 10:17:12,154 - INFO - Saved 1000 records at offset 132000
2026-03-20 10:17:15,989 - INFO - Saved 1000 records at offset 133000
2026-03-20 10:17:19,625 - INFO - Saved 1000 records at offset 134000
2026-03-20 10:17:23,077 - INFO - Saved 1000 records at offset 135000
2026-03-20 10:17:26,764 - INFO - Saved 1000 records at offset 136000
2026-03-20 10:17:30,527 - INFO - Saved 1000 records at offset 137000
2026-03-20 10:17:34,895 - INFO - Saved 1000 records at offset 138000
2026-03-20 10:17:38,709 - INFO - Saved 1000 records at offset 139000
2026-03-20 10:17:42,693 - INFO - Saved 1000 records at offset 140000
2026-03-20 10:17:46,306 - INFO - Saved 1000 records at offset 141000
2026-03-20 10:17:50,793 - INFO - Saved 1000 records at offset 142000
2026-03-20 10:17:54,609 - INFO - Saved 1000 records at offset 143000
2026-03-20 10:17:58,057 - INFO - Saved 1000 records at offset 144000
2026-03-20 10:18:01,845 - INFO - Saved 1000 records at offset 145000
2026-03-20 10:18:06,030 - INFO - Saved 1000 records at offset 146000
2026-03-20 10:18:09,893 - INFO - Saved 1000 records at offset 147000
2026-03-20 10:18:13,716 - INFO - Saved 1000 records at offset 148000
2026-03-20 10:18:17,894 - INFO - Saved 1000 records at offset 149000
2026-03-20 10:18:22,641 - INFO - Saved 1000 records at offset 150000
2026-03-20 10:18:26,110 - INFO - Saved 1000 records at offset 151000
2026-03-20 10:18:29,768 - INFO - Saved 1000 records at offset 152000
2026-03-20 10:18:33,726 - INFO - Saved 1000 records at offset 153000
2026-03-20 10:18:37,814 - INFO - Saved 1000 records at offset 154000
2026-03-20 10:18:41,515 - INFO - Saved 1000 records at offset 155000
2026-03-20 10:18:45,231 - INFO - Saved 1000 records at offset 156000
2026-03-20 10:18:48,756 - INFO - Saved 1000 records at offset 157000
2026-03-20 10:18:52,988 - INFO - Saved 1000 records at offset 158000
2026-03-20 10:18:58,025 - INFO - Saved 1000 records at offset 159000
2026-03-20 10:19:02,414 - INFO - Saved 1000 records at offset 160000
2026-03-20 10:19:06,355 - INFO - Saved 1000 records at offset 161000
2026-03-20 10:19:10,001 - INFO - Saved 1000 records at offset 162000
2026-03-20 10:19:13,815 - INFO - Saved 1000 records at offset 163000
2026-03-20 10:19:17,689 - INFO - Saved 1000 records at offset 164000
2026-03-20 10:19:21,332 - INFO - Saved 1000 records at offset 165000
2026-03-20 10:19:25,372 - INFO - Saved 1000 records at offset 166000
2026-03-20 10:19:28,905 - INFO - Saved 1000 records at offset 167000
2026-03-20 10:19:32,383 - INFO - Saved 1000 records at offset 168000
2026-03-20 10:19:36,428 - INFO - Saved 1000 records at offset 169000
2026-03-20 10:19:40,269 - INFO - Saved 1000 records at offset 170000
2026-03-20 10:19:44,471 - INFO - Saved 1000 records at offset 171000
2026-03-20 10:19:48,356 - INFO - Saved 1000 records at offset 172000
2026-03-20 10:19:51,941 - INFO - Saved 1000 records at offset 173000
2026-03-20 10:19:55,599 - INFO - Saved 1000 records at offset 174000
2026-03-20 10:19:59,174 - INFO - Saved 1000 records at offset 175000
2026-03-20 10:20:06,906 - INFO - Saved 1000 records at offset 176000
2026-03-20 10:20:10,600 - INFO - Saved 1000 records at offset 177000
2026-03-20 10:20:15,080 - INFO - Saved 1000 records at offset 178000
2026-03-20 10:20:18,919 - INFO - Saved 1000 records at offset 179000
2026-03-20 10:20:22,984 - INFO - Saved 1000 records at offset 180000
2026-03-20 10:20:26,729 - INFO - Saved 1000 records at offset 181000
2026-03-20 10:20:30,400 - INFO - Saved 1000 records at offset 182000
2026-03-20 10:20:34,175 - INFO - Saved 1000 records at offset 183000
2026-03-20 10:20:37,963 - INFO - Saved 1000 records at offset 184000
2026-03-20 10:20:41,572 - INFO - Saved 1000 records at offset 185000
2026-03-20 10:20:45,188 - INFO - Saved 1000 records at offset 186000
2026-03-20 10:20:48,847 - INFO - Saved 1000 records at offset 187000
2026-03-20 10:20:52,576 - INFO - Saved 1000 records at offset 188000
2026-03-20 10:20:56,425 - INFO - Saved 1000 records at offset 189000
2026-03-20 10:20:59,970 - INFO - Saved 1000 records at offset 190000
2026-03-20 10:21:03,740 - INFO - Saved 1000 records at offset 191000
2026-03-20 10:21:07,248 - INFO - Saved 1000 records at offset 192000
2026-03-20 10:21:10,715 - INFO - Saved 1000 records at offset 193000
2026-03-20 10:21:14,440 - INFO - Saved 1000 records at offset 194000
2026-03-20 10:21:18,456 - INFO - Saved 1000 records at offset 195000
2026-03-20 10:21:22,027 - INFO - Saved 1000 records at offset 196000
2026-03-20 10:21:25,585 - INFO - Saved 1000 records at offset 197000
2026-03-20 10:21:28,986 - INFO - Saved 1000 records at offset 198000
2026-03-20 10:21:32,538 - INFO - Saved 1000 records at offset 199000
2026-03-20 10:21:36,056 - INFO - Saved 1000 records at offset 200000
2026-03-20 10:21:40,016 - INFO - Saved 1000 records at offset 201000
2026-03-20 10:21:44,084 - INFO - Saved 1000 records at offset 202000
2026-03-20 10:21:47,683 - INFO - Saved 1000 records at offset 203000
2026-03-20 10:21:51,546 - INFO - Saved 1000 records at offset 204000
2026-03-20 10:21:55,669 - INFO - Saved 1000 records at offset 205000
2026-03-20 10:21:59,271 - INFO - Saved 1000 records at offset 206000
2026-03-20 10:22:03,344 - INFO - Saved 1000 records at offset 207000
2026-03-20 10:22:07,342 - INFO - Saved 1000 records at offset 208000
2026-03-20 10:22:10,982 - INFO - Saved 1000 records at offset 209000
2026-03-20 10:22:14,416 - INFO - Saved 1000 records at offset 210000
2026-03-20 10:22:17,833 - INFO - Saved 1000 records at offset 211000
2026-03-20 10:22:21,497 - INFO - Saved 1000 records at offset 212000
2026-03-20 10:22:25,095 - INFO - Saved 1000 records at offset 213000
2026-03-20 10:22:28,768 - INFO - Saved 1000 records at offset 214000
2026-03-20 10:22:32,543 - INFO - Saved 1000 records at offset 215000
2026-03-20 10:22:36,016 - INFO - Saved 1000 records at offset 216000
2026-03-20 10:22:39,732 - INFO - Saved 1000 records at offset 217000
2026-03-20 10:22:43,433 - INFO - Saved 1000 records at offset 218000
2026-03-20 10:22:46,963 - INFO - Saved 1000 records at offset 219000
2026-03-20 10:22:50,676 - INFO - Saved 1000 records at offset 220000
2026-03-20 10:22:54,188 - INFO - Saved 1000 records at offset 221000
2026-03-20 10:22:58,323 - INFO - Saved 1000 records at offset 222000
2026-03-20 10:23:02,230 - INFO - Saved 1000 records at offset 223000
2026-03-20 10:23:05,865 - INFO - Saved 1000 records at offset 224000
2026-03-20 10:23:09,512 - INFO - Saved 1000 records at offset 225000
2026-03-20 10:23:13,343 - INFO - Saved 1000 records at offset 226000
2026-03-20 10:23:17,147 - INFO - Saved 1000 records at offset 227000
2026-03-20 10:23:20,743 - INFO - Saved 1000 records at offset 228000
2026-03-20 10:23:24,456 - INFO - Saved 1000 records at offset 229000
2026-03-20 10:23:28,375 - INFO - Saved 1000 records at offset 230000
2026-03-20 10:23:31,985 - INFO - Saved 1000 records at offset 231000
2026-03-20 10:23:35,529 - INFO - Saved 1000 records at offset 232000
2026-03-20 10:23:39,353 - INFO - Saved 1000 records at offset 233000
2026-03-20 10:23:42,985 - INFO - Saved 1000 records at offset 234000
2026-03-20 10:23:46,828 - INFO - Saved 1000 records at offset 235000
2026-03-20 10:23:50,281 - INFO - Saved 1000 records at offset 236000
2026-03-20 10:23:54,021 - INFO - Saved 1000 records at offset 237000
2026-03-20 10:23:57,277 - INFO - Saved 1000 records at offset 238000
2026-03-20 10:24:00,945 - INFO - Saved 1000 records at offset 239000
2026-03-20 10:24:04,908 - INFO - Saved 1000 records at offset 240000
2026-03-20 10:24:09,003 - INFO - Saved 1000 records at offset 241000
2026-03-20 10:24:12,394 - INFO - Saved 1000 records at offset 242000
2026-03-20 10:24:16,129 - INFO - Saved 1000 records at offset 243000
2026-03-20 10:24:19,788 - INFO - Saved 1000 records at offset 244000
2026-03-20 10:24:23,492 - INFO - Saved 1000 records at offset 245000
2026-03-20 10:24:27,303 - INFO - Saved 1000 records at offset 246000
2026-03-20 10:24:31,189 - INFO - Saved 1000 records at offset 247000
2026-03-20 10:24:35,286 - INFO - Saved 1000 records at offset 248000
2026-03-20 10:24:38,860 - INFO - Saved 1000 records at offset 249000
2026-03-20 10:24:42,894 - INFO - Saved 1000 records at offset 250000
2026-03-20 10:24:46,490 - INFO - Saved 1000 records at offset 251000
2026-03-20 10:24:50,032 - INFO - Saved 1000 records at offset 252000
2026-03-20 10:24:53,522 - INFO - Saved 1000 records at offset 253000
2026-03-20 10:24:57,234 - INFO - Saved 1000 records at offset 254000
2026-03-20 10:25:01,128 - INFO - Saved 1000 records at offset 255000
2026-03-20 10:25:05,678 - INFO - Saved 1000 records at offset 256000
2026-03-20 10:25:09,329 - INFO - Saved 1000 records at offset 257000
2026-03-20 10:25:12,880 - INFO - Saved 1000 records at offset 258000
2026-03-20 10:25:17,146 - INFO - Saved 1000 records at offset 259000
2026-03-20 10:25:20,671 - INFO - Saved 1000 records at offset 260000
2026-03-20 10:25:24,626 - INFO - Saved 1000 records at offset 261000
2026-03-20 10:25:28,567 - INFO - Saved 1000 records at offset 262000
2026-03-20 10:25:32,328 - INFO - Saved 1000 records at offset 263000
2026-03-20 10:25:35,716 - INFO - Saved 1000 records at offset 264000
2026-03-20 10:25:39,251 - INFO - Saved 1000 records at offset 265000
2026-03-20 10:25:42,582 - INFO - Saved 1000 records at offset 266000
2026-03-20 10:25:46,364 - INFO - Saved 1000 records at offset 267000
2026-03-20 10:25:49,891 - INFO - Saved 1000 records at offset 268000
2026-03-20 10:25:53,921 - INFO - Saved 1000 records at offset 269000
2026-03-20 10:25:57,717 - INFO - Saved 1000 records at offset 270000
2026-03-20 10:26:01,577 - INFO - Saved 1000 records at offset 271000
2026-03-20 10:26:04,976 - INFO - Saved 1000 records at offset 272000
2026-03-20 10:26:08,553 - INFO - Saved 1000 records at offset 273000
2026-03-20 10:26:12,172 - INFO - Saved 1000 records at offset 274000
2026-03-20 10:26:15,864 - INFO - Saved 1000 records at offset 275000
2026-03-20 10:26:19,407 - INFO - Saved 1000 records at offset 276000
2026-03-20 10:26:23,592 - INFO - Saved 1000 records at offset 277000
2026-03-20 10:26:26,828 - INFO - Saved 1000 records at offset 278000
2026-03-20 10:26:30,767 - INFO - Saved 1000 records at offset 279000
2026-03-20 10:26:34,715 - INFO - Saved 1000 records at offset 280000
2026-03-20 10:26:38,677 - INFO - Saved 1000 records at offset 281000
2026-03-20 10:26:42,434 - INFO - Saved 1000 records at offset 282000
2026-03-20 10:26:45,902 - INFO - Saved 1000 records at offset 283000
2026-03-20 10:26:49,624 - INFO - Saved 1000 records at offset 284000
2026-03-20 10:26:53,387 - INFO - Saved 1000 records at offset 285000
2026-03-20 10:26:56,630 - INFO - Saved 1000 records at offset 286000
2026-03-20 10:27:00,095 - INFO - Saved 1000 records at offset 287000
2026-03-20 10:27:03,911 - INFO - Saved 1000 records at offset 288000
2026-03-20 10:27:07,837 - INFO - Saved 1000 records at offset 289000
2026-03-20 10:27:11,276 - INFO - Saved 1000 records at offset 290000
2026-03-20 10:27:15,100 - INFO - Saved 1000 records at offset 291000
2026-03-20 10:27:18,851 - INFO - Saved 1000 records at offset 292000
2026-03-20 10:27:22,451 - INFO - Saved 1000 records at offset 293000
2026-03-20 10:27:26,012 - INFO - Saved 1000 records at offset 294000
2026-03-20 10:27:29,485 - INFO - Saved 1000 records at offset 295000
2026-03-20 10:27:33,007 - INFO - Saved 1000 records at offset 296000
2026-03-20 10:27:36,717 - INFO - Saved 1000 records at offset 297000
2026-03-20 10:27:40,064 - INFO - Saved 1000 records at offset 298000
2026-03-20 10:27:43,544 - INFO - Saved 1000 records at offset 299000
2026-03-20 10:27:46,784 - INFO - Saved 1000 records at offset 300000
2026-03-20 10:27:50,277 - INFO - Saved 1000 records at offset 301000
2026-03-20 10:27:54,211 - INFO - Saved 1000 records at offset 302000
2026-03-20 10:27:58,321 - INFO - Saved 1000 records at offset 303000
2026-03-20 10:28:02,030 - INFO - Saved 1000 records at offset 304000
2026-03-20 10:28:05,744 - INFO - Saved 1000 records at offset 305000
2026-03-20 10:28:09,240 - INFO - Saved 1000 records at offset 306000
2026-03-20 10:28:13,236 - INFO - Saved 1000 records at offset 307000
2026-03-20 10:28:16,979 - INFO - Saved 1000 records at offset 308000
2026-03-20 10:28:20,946 - INFO - Saved 1000 records at offset 309000
2026-03-20 10:28:24,860 - INFO - Saved 1000 records at offset 310000
2026-03-20 10:28:28,923 - INFO - Saved 1000 records at offset 311000
2026-03-20 10:28:32,966 - INFO - Saved 1000 records at offset 312000
2026-03-20 10:28:36,983 - INFO - Saved 1000 records at offset 313000
2026-03-20 10:28:40,565 - INFO - Saved 1000 records at offset 314000
2026-03-20 10:28:44,660 - INFO - Saved 1000 records at offset 315000
2026-03-20 10:28:48,175 - INFO - Saved 1000 records at offset 316000
2026-03-20 10:28:51,830 - INFO - Saved 1000 records at offset 317000
2026-03-20 10:28:55,388 - INFO - Saved 1000 records at offset 318000
2026-03-20 10:28:59,320 - INFO - Saved 1000 records at offset 319000
2026-03-20 10:29:02,914 - INFO - Saved 1000 records at offset 320000
2026-03-20 10:29:06,470 - INFO - Saved 1000 records at offset 321000
2026-03-20 10:29:10,137 - INFO - Saved 1000 records at offset 322000
2026-03-20 10:29:13,858 - INFO - Saved 1000 records at offset 323000
2026-03-20 10:29:17,460 - INFO - Saved 1000 records at offset 324000
2026-03-20 10:29:21,232 - INFO - Saved 1000 records at offset 325000
2026-03-20 10:29:25,105 - INFO - Saved 1000 records at offset 326000
2026-03-20 10:29:29,259 - INFO - Saved 1000 records at offset 327000
2026-03-20 10:29:33,524 - INFO - Saved 1000 records at offset 328000
2026-03-20 10:29:37,292 - INFO - Saved 1000 records at offset 329000
2026-03-20 10:29:40,790 - INFO - Saved 1000 records at offset 330000
2026-03-20 10:29:44,800 - INFO - Saved 1000 records at offset 331000
2026-03-20 10:29:48,270 - INFO - Saved 1000 records at offset 332000
2026-03-20 10:29:51,955 - INFO - Saved 1000 records at offset 333000
2026-03-20 10:29:56,108 - INFO - Saved 1000 records at offset 334000
2026-03-20 10:29:59,686 - INFO - Saved 1000 records at offset 335000
2026-03-20 10:30:05,315 - INFO - Saved 1000 records at offset 336000
2026-03-20 10:30:09,296 - INFO - Saved 1000 records at offset 337000
2026-03-20 10:30:17,516 - INFO - Saved 1000 records at offset 338000
2026-03-20 10:30:21,518 - INFO - Saved 1000 records at offset 339000
2026-03-20 10:30:25,468 - INFO - Saved 1000 records at offset 340000
2026-03-20 10:30:29,210 - INFO - Saved 1000 records at offset 341000
2026-03-20 10:30:33,235 - INFO - Saved 1000 records at offset 342000
2026-03-20 10:30:36,733 - INFO - Saved 1000 records at offset 343000
2026-03-20 10:30:40,575 - INFO - Saved 1000 records at offset 344000
2026-03-20 10:30:44,371 - INFO - Saved 1000 records at offset 345000
2026-03-20 10:30:48,198 - INFO - Saved 1000 records at offset 346000
2026-03-20 10:30:52,147 - INFO - Saved 1000 records at offset 347000
2026-03-20 10:30:56,133 - INFO - Saved 1000 records at offset 348000
2026-03-20 10:31:00,085 - INFO - Saved 1000 records at offset 349000
2026-03-20 10:31:04,593 - INFO - Saved 1000 records at offset 350000
2026-03-20 10:31:08,167 - INFO - Saved 1000 records at offset 351000
2026-03-20 10:31:11,687 - INFO - Saved 1000 records at offset 352000
2026-03-20 10:31:15,694 - INFO - Saved 1000 records at offset 353000
2026-03-20 10:31:19,201 - INFO - Saved 1000 records at offset 354000
2026-03-20 10:31:22,788 - INFO - Saved 1000 records at offset 355000
2026-03-20 10:31:26,407 - INFO - Saved 1000 records at offset 356000
2026-03-20 10:31:30,690 - INFO - Saved 1000 records at offset 357000
2026-03-20 10:31:34,591 - INFO - Saved 1000 records at offset 358000
2026-03-20 10:31:38,670 - INFO - Saved 1000 records at offset 359000
2026-03-20 10:31:43,097 - INFO - Saved 1000 records at offset 360000
2026-03-20 10:31:46,710 - INFO - Saved 1000 records at offset 361000
2026-03-20 10:31:50,221 - INFO - Saved 1000 records at offset 362000
2026-03-20 10:31:54,103 - INFO - Saved 1000 records at offset 363000
2026-03-20 10:31:58,454 - INFO - Saved 1000 records at offset 364000
2026-03-20 10:32:02,266 - INFO - Saved 1000 records at offset 365000
2026-03-20 10:32:05,903 - INFO - Saved 1000 records at offset 366000
2026-03-20 10:32:09,399 - INFO - Saved 1000 records at offset 367000
2026-03-20 10:32:13,107 - INFO - Saved 1000 records at offset 368000
2026-03-20 10:32:16,679 - INFO - Saved 1000 records at offset 369000
2026-03-20 10:32:20,732 - INFO - Saved 1000 records at offset 370000
2026-03-20 10:32:24,504 - INFO - Saved 1000 records at offset 371000
2026-03-20 10:32:28,402 - INFO - Saved 1000 records at offset 372000
2026-03-20 10:32:32,305 - INFO - Saved 1000 records at offset 373000
2026-03-20 10:32:36,408 - INFO - Saved 1000 records at offset 374000
2026-03-20 10:32:39,863 - INFO - Saved 1000 records at offset 375000
2026-03-20 10:32:44,303 - INFO - Saved 1000 records at offset 376000
2026-03-20 10:32:47,597 - INFO - Saved 1000 records at offset 377000
2026-03-20 10:32:51,620 - INFO - Saved 1000 records at offset 378000
2026-03-20 10:32:55,350 - INFO - Saved 1000 records at offset 379000
2026-03-20 10:32:59,362 - INFO - Saved 1000 records at offset 380000
2026-03-20 10:33:03,543 - INFO - Saved 1000 records at offset 381000
2026-03-20 10:33:07,275 - INFO - Saved 1000 records at offset 382000
2026-03-20 10:33:10,834 - INFO - Saved 1000 records at offset 383000
2026-03-20 10:33:14,754 - INFO - Saved 1000 records at offset 384000
2026-03-20 10:33:18,408 - INFO - Saved 1000 records at offset 385000
2026-03-20 10:33:22,367 - INFO - Saved 1000 records at offset 386000
2026-03-20 10:33:25,874 - INFO - Saved 1000 records at offset 387000
2026-03-20 10:33:29,349 - INFO - Saved 1000 records at offset 388000
2026-03-20 10:33:32,700 - INFO - Saved 1000 records at offset 389000
2026-03-20 10:33:36,490 - INFO - Saved 1000 records at offset 390000
2026-03-20 10:33:40,092 - INFO - Saved 1000 records at offset 391000
2026-03-20 10:33:43,687 - INFO - Saved 1000 records at offset 392000
2026-03-20 10:33:47,148 - INFO - Saved 1000 records at offset 393000
2026-03-20 10:33:50,944 - INFO - Saved 1000 records at offset 394000
2026-03-20 10:33:55,021 - INFO - Saved 1000 records at offset 395000
2026-03-20 10:33:59,142 - INFO - Saved 1000 records at offset 396000
2026-03-20 10:34:02,778 - INFO - Saved 1000 records at offset 397000
2026-03-20 10:34:06,873 - INFO - Saved 1000 records at offset 398000
2026-03-20 10:34:11,383 - INFO - Saved 1000 records at offset 399000
2026-03-20 10:34:15,470 - INFO - Saved 1000 records at offset 400000
2026-03-20 10:34:19,787 - INFO - Saved 1000 records at offset 401000
2026-03-20 10:34:24,008 - INFO - Saved 1000 records at offset 402000
2026-03-20 10:34:27,428 - INFO - Saved 1000 records at offset 403000
2026-03-20 10:34:31,060 - INFO - Saved 1000 records at offset 404000
2026-03-20 10:34:34,881 - INFO - Saved 1000 records at offset 405000
2026-03-20 10:34:38,872 - INFO - Saved 1000 records at offset 406000
2026-03-20 10:34:42,367 - INFO - Saved 1000 records at offset 407000
2026-03-20 10:34:46,223 - INFO - Saved 1000 records at offset 408000
2026-03-20 10:34:49,875 - INFO - Saved 1000 records at offset 409000
2026-03-20 10:34:53,814 - INFO - Saved 1000 records at offset 410000
2026-03-20 10:34:57,584 - INFO - Saved 1000 records at offset 411000
2026-03-20 10:35:01,287 - INFO - Saved 1000 records at offset 412000
2026-03-20 10:35:04,962 - INFO - Saved 1000 records at offset 413000
2026-03-20 10:35:08,559 - INFO - Saved 1000 records at offset 414000
2026-03-20 10:35:12,437 - INFO - Saved 1000 records at offset 415000
2026-03-20 10:35:16,087 - INFO - Saved 1000 records at offset 416000
2026-03-20 10:35:19,716 - INFO - Saved 1000 records at offset 417000
2026-03-20 10:35:24,190 - INFO - Saved 1000 records at offset 418000
2026-03-20 10:35:28,419 - INFO - Saved 1000 records at offset 419000
2026-03-20 10:35:32,396 - INFO - Saved 1000 records at offset 420000
2026-03-20 10:35:36,088 - INFO - Saved 1000 records at offset 421000
2026-03-20 10:35:39,881 - INFO - Saved 1000 records at offset 422000
2026-03-20 10:35:44,236 - INFO - Saved 1000 records at offset 423000
2026-03-20 10:35:48,079 - INFO - Saved 1000 records at offset 424000
2026-03-20 10:35:51,913 - INFO - Saved 1000 records at offset 425000
2026-03-20 10:35:56,089 - INFO - Saved 1000 records at offset 426000
2026-03-20 10:35:59,787 - INFO - Saved 1000 records at offset 427000
2026-03-20 10:36:04,065 - INFO - Saved 1000 records at offset 428000
2026-03-20 10:36:07,693 - INFO - Saved 1000 records at offset 429000
2026-03-20 10:36:11,647 - INFO - Saved 1000 records at offset 430000
2026-03-20 10:36:15,411 - INFO - Saved 1000 records at offset 431000
2026-03-20 10:36:19,447 - INFO - Saved 1000 records at offset 432000
2026-03-20 10:36:23,376 - INFO - Saved 1000 records at offset 433000
2026-03-20 10:36:27,264 - INFO - Saved 1000 records at offset 434000
2026-03-20 10:36:31,207 - INFO - Saved 1000 records at offset 435000
2026-03-20 10:36:34,930 - INFO - Saved 1000 records at offset 436000
2026-03-20 10:36:38,790 - INFO - Saved 1000 records at offset 437000
2026-03-20 10:36:42,730 - INFO - Saved 1000 records at offset 438000
2026-03-20 10:36:46,417 - INFO - Saved 1000 records at offset 439000
2026-03-20 10:36:50,038 - INFO - Saved 1000 records at offset 440000
2026-03-20 10:36:53,799 - INFO - Saved 1000 records at offset 441000
2026-03-20 10:36:57,560 - INFO - Saved 1000 records at offset 442000
2026-03-20 10:37:01,202 - INFO - Saved 1000 records at offset 443000
2026-03-20 10:37:04,908 - INFO - Saved 1000 records at offset 444000
2026-03-20 10:37:08,241 - INFO - Saved 1000 records at offset 445000
2026-03-20 10:37:11,928 - INFO - Saved 1000 records at offset 446000
2026-03-20 10:37:15,353 - INFO - Saved 1000 records at offset 447000
2026-03-20 10:37:19,042 - INFO - Saved 1000 records at offset 448000
2026-03-20 10:37:22,732 - INFO - Saved 1000 records at offset 449000
2026-03-20 10:37:26,567 - INFO - Saved 1000 records at offset 450000
2026-03-20 10:37:31,586 - INFO - Saved 1000 records at offset 451000
2026-03-20 10:37:35,403 - INFO - Saved 1000 records at offset 452000
2026-03-20 10:37:39,154 - INFO - Saved 1000 records at offset 453000
2026-03-20 10:37:43,058 - INFO - Saved 1000 records at offset 454000
2026-03-20 10:37:46,627 - INFO - Saved 1000 records at offset 455000
2026-03-20 10:37:50,526 - INFO - Saved 1000 records at offset 456000
2026-03-20 10:37:54,353 - INFO - Saved 1000 records at offset 457000
2026-03-20 10:37:58,680 - INFO - Saved 1000 records at offset 458000
2026-03-20 10:38:02,345 - INFO - Saved 1000 records at offset 459000
2026-03-20 10:38:06,179 - INFO - Saved 1000 records at offset 460000
2026-03-20 10:38:10,187 - INFO - Saved 1000 records at offset 461000
2026-03-20 10:38:14,001 - INFO - Saved 1000 records at offset 462000
2026-03-20 10:38:17,720 - INFO - Saved 1000 records at offset 463000
2026-03-20 10:38:21,714 - INFO - Saved 1000 records at offset 464000
2026-03-20 10:38:25,393 - INFO - Saved 1000 records at offset 465000
2026-03-20 10:38:29,040 - INFO - Saved 1000 records at offset 466000
2026-03-20 10:38:33,052 - INFO - Saved 1000 records at offset 467000
2026-03-20 10:38:36,867 - INFO - Saved 1000 records at offset 468000
2026-03-20 10:38:40,820 - INFO - Saved 1000 records at offset 469000
2026-03-20 10:38:46,558 - INFO - Saved 1000 records at offset 470000
2026-03-20 10:38:50,637 - INFO - Saved 1000 records at offset 471000
2026-03-20 10:38:54,374 - INFO - Saved 1000 records at offset 472000
2026-03-20 10:38:58,570 - INFO - Saved 1000 records at offset 473000
2026-03-20 10:39:03,140 - INFO - Saved 1000 records at offset 474000
2026-03-20 10:39:07,093 - INFO - Saved 1000 records at offset 475000
2026-03-20 10:39:11,174 - INFO - Saved 1000 records at offset 476000
2026-03-20 10:39:15,403 - INFO - Saved 1000 records at offset 477000
2026-03-20 10:39:19,450 - INFO - Saved 1000 records at offset 478000
2026-03-20 10:39:23,990 - INFO - Saved 1000 records at offset 479000
2026-03-20 10:39:28,007 - INFO - Saved 1000 records at offset 480000
2026-03-20 10:39:32,078 - INFO - Saved 1000 records at offset 481000
2026-03-20 10:39:35,774 - INFO - Saved 1000 records at offset 482000
2026-03-20 10:39:39,794 - INFO - Saved 1000 records at offset 483000
2026-03-20 10:39:44,144 - INFO - Saved 1000 records at offset 484000
2026-03-20 10:39:48,129 - INFO - Saved 1000 records at offset 485000
2026-03-20 10:39:52,037 - INFO - Saved 1000 records at offset 486000
2026-03-20 10:39:56,235 - INFO - Saved 1000 records at offset 487000
2026-03-20 10:39:59,828 - INFO - Saved 1000 records at offset 488000
2026-03-20 10:40:04,675 - INFO - Saved 1000 records at offset 489000
2026-03-20 10:40:08,707 - INFO - Saved 1000 records at offset 490000
2026-03-20 10:40:12,539 - INFO - Saved 1000 records at offset 491000
2026-03-20 10:40:16,338 - INFO - Saved 1000 records at offset 492000
2026-03-20 10:40:20,408 - INFO - Saved 1000 records at offset 493000
2026-03-20 10:40:24,080 - INFO - Saved 1000 records at offset 494000
2026-03-20 10:40:28,382 - INFO - Saved 1000 records at offset 495000
2026-03-20 10:40:32,003 - INFO - Saved 1000 records at offset 496000
2026-03-20 10:40:35,668 - INFO - Saved 1000 records at offset 497000
2026-03-20 10:40:39,587 - INFO - Saved 1000 records at offset 498000
2026-03-20 10:40:43,466 - INFO - Saved 1000 records at offset 499000
2026-03-20 10:40:47,296 - INFO - Saved 1000 records at offset 500000
2026-03-20 10:40:51,035 - INFO - Saved 1000 records at offset 501000
2026-03-20 10:40:54,952 - INFO - Saved 1000 records at offset 502000
2026-03-20 10:40:58,613 - INFO - Saved 1000 records at offset 503000
2026-03-20 10:41:02,411 - INFO - Saved 1000 records at offset 504000
2026-03-20 10:41:06,010 - INFO - Saved 1000 records at offset 505000
2026-03-20 10:41:10,076 - INFO - Saved 1000 records at offset 506000
2026-03-20 10:41:14,932 - INFO - Saved 1000 records at offset 507000
2026-03-20 10:41:18,568 - INFO - Saved 1000 records at offset 508000
2026-03-20 10:41:22,310 - INFO - Saved 1000 records at offset 509000
2026-03-20 10:41:26,984 - INFO - Saved 1000 records at offset 510000
2026-03-20 10:41:30,973 - INFO - Saved 1000 records at offset 511000
2026-03-20 10:41:34,752 - INFO - Saved 1000 records at offset 512000
2026-03-20 10:41:38,397 - INFO - Saved 1000 records at offset 513000
2026-03-20 10:41:41,996 - INFO - Saved 1000 records at offset 514000
2026-03-20 10:41:46,044 - INFO - Saved 1000 records at offset 515000
2026-03-20 10:41:49,419 - INFO - Saved 1000 records at offset 516000
2026-03-20 10:41:53,291 - INFO - Saved 1000 records at offset 517000
2026-03-20 10:41:57,219 - INFO - Saved 1000 records at offset 518000
2026-03-20 10:42:01,228 - INFO - Saved 1000 records at offset 519000
2026-03-20 10:42:05,118 - INFO - Saved 1000 records at offset 520000
2026-03-20 10:42:08,923 - INFO - Saved 1000 records at offset 521000
2026-03-20 10:42:12,876 - INFO - Saved 1000 records at offset 522000
2026-03-20 10:42:16,621 - INFO - Saved 1000 records at offset 523000
2026-03-20 10:42:20,425 - INFO - Saved 1000 records at offset 524000
2026-03-20 10:42:24,412 - INFO - Saved 1000 records at offset 525000
2026-03-20 10:42:28,444 - INFO - Saved 1000 records at offset 526000
2026-03-20 10:42:32,853 - INFO - Saved 1000 records at offset 527000
2026-03-20 10:42:36,931 - INFO - Saved 1000 records at offset 528000
2026-03-20 10:42:40,713 - INFO - Saved 1000 records at offset 529000
2026-03-20 10:42:44,703 - INFO - Saved 1000 records at offset 530000
2026-03-20 10:42:48,174 - INFO - Saved 1000 records at offset 531000
2026-03-20 10:42:52,122 - INFO - Saved 1000 records at offset 532000
2026-03-20 10:42:55,567 - INFO - Saved 1000 records at offset 533000
2026-03-20 10:42:59,203 - INFO - Saved 1000 records at offset 534000
2026-03-20 10:43:02,641 - INFO - Saved 1000 records at offset 535000
2026-03-20 10:43:06,094 - INFO - Saved 1000 records at offset 536000
2026-03-20 10:43:10,059 - INFO - Saved 1000 records at offset 537000
2026-03-20 10:43:14,064 - INFO - Saved 1000 records at offset 538000
2026-03-20 10:43:18,311 - INFO - Saved 1000 records at offset 539000
2026-03-20 10:43:22,633 - INFO - Saved 1000 records at offset 540000
2026-03-20 10:43:25,991 - INFO - Saved 1000 records at offset 541000
2026-03-20 10:43:29,416 - INFO - Saved 1000 records at offset 542000
2026-03-20 10:43:33,158 - INFO - Saved 1000 records at offset 543000
2026-03-20 10:43:36,618 - INFO - Saved 1000 records at offset 544000
2026-03-20 10:43:40,003 - INFO - Saved 1000 records at offset 545000
2026-03-20 10:43:43,420 - INFO - Saved 1000 records at offset 546000
2026-03-20 10:43:47,095 - INFO - Saved 1000 records at offset 547000
2026-03-20 10:43:50,788 - INFO - Saved 1000 records at offset 548000
2026-03-20 10:43:54,516 - INFO - Saved 1000 records at offset 549000
2026-03-20 10:43:57,938 - INFO - Saved 1000 records at offset 550000
2026-03-20 10:44:01,458 - INFO - Saved 1000 records at offset 551000
2026-03-20 10:44:05,003 - INFO - Saved 1000 records at offset 552000
2026-03-20 10:44:08,479 - INFO - Saved 1000 records at offset 553000
2026-03-20 10:44:11,909 - INFO - Saved 1000 records at offset 554000
2026-03-20 10:44:15,404 - INFO - Saved 1000 records at offset 555000
2026-03-20 10:44:19,468 - INFO - Saved 1000 records at offset 556000
2026-03-20 10:44:23,298 - INFO - Saved 1000 records at offset 557000
2026-03-20 10:44:27,245 - INFO - Saved 1000 records at offset 558000
2026-03-20 10:44:31,237 - INFO - Saved 1000 records at offset 559000
2026-03-20 10:44:35,540 - INFO - Saved 1000 records at offset 560000
2026-03-20 10:44:41,325 - INFO - Saved 1000 records at offset 561000
2026-03-20 10:44:54,699 - INFO - Saved 1000 records at offset 562000
2026-03-20 10:45:12,659 - INFO - Saved 1000 records at offset 563000
2026-03-20 10:45:22,496 - INFO - Saved 1000 records at offset 564000
2026-03-20 10:45:25,637 - INFO - Saved 1000 records at offset 565000
2026-03-20 10:45:29,087 - INFO - Saved 1000 records at offset 566000
2026-03-20 10:45:32,410 - INFO - Saved 1000 records at offset 567000
2026-03-20 10:45:35,699 - INFO - Saved 1000 records at offset 568000
2026-03-20 10:45:38,911 - INFO - Saved 1000 records at offset 569000
2026-03-20 10:45:42,311 - INFO - Saved 1000 records at offset 570000
2026-03-20 10:45:45,647 - INFO - Saved 1000 records at offset 571000
2026-03-20 10:45:49,152 - INFO - Saved 1000 records at offset 572000
2026-03-20 10:45:53,449 - INFO - Saved 1000 records at offset 573000
2026-03-20 10:45:57,926 - INFO - Saved 1000 records at offset 574000
2026-03-20 10:46:02,155 - INFO - Saved 1000 records at offset 575000
2026-03-20 10:46:06,042 - INFO - Saved 1000 records at offset 576000
2026-03-20 10:46:10,290 - INFO - Saved 1000 records at offset 577000
2026-03-20 10:46:13,852 - INFO - Saved 1000 records at offset 578000
2026-03-20 10:46:18,515 - INFO - Saved 1000 records at offset 579000
2026-03-20 10:46:22,183 - INFO - Saved 1000 records at offset 580000
2026-03-20 10:46:25,794 - INFO - Saved 1000 records at offset 581000
2026-03-20 10:46:29,740 - INFO - Saved 1000 records at offset 582000
2026-03-20 10:46:33,695 - INFO - Saved 1000 records at offset 583000
2026-03-20 10:46:37,608 - INFO - Saved 1000 records at offset 584000
2026-03-20 10:46:41,160 - INFO - Saved 1000 records at offset 585000
2026-03-20 10:46:45,234 - INFO - Saved 1000 records at offset 586000
2026-03-20 10:46:49,707 - INFO - Saved 1000 records at offset 587000
2026-03-20 10:46:53,813 - INFO - Saved 1000 records at offset 588000
2026-03-20 10:46:58,060 - INFO - Saved 1000 records at offset 589000
2026-03-20 10:47:02,275 - INFO - Saved 1000 records at offset 590000
2026-03-20 10:47:06,091 - INFO - Saved 1000 records at offset 591000
2026-03-20 10:47:10,043 - INFO - Saved 1000 records at offset 592000
2026-03-20 10:47:13,684 - INFO - Saved 1000 records at offset 593000
2026-03-20 10:47:17,999 - INFO - Saved 1000 records at offset 594000
2026-03-20 10:47:22,005 - INFO - Saved 1000 records at offset 595000
2026-03-20 10:47:25,950 - INFO - Saved 1000 records at offset 596000
2026-03-20 10:47:29,562 - INFO - Saved 1000 records at offset 597000
2026-03-20 10:47:33,431 - INFO - Saved 1000 records at offset 598000
2026-03-20 10:47:37,029 - INFO - Saved 1000 records at offset 599000
2026-03-20 10:47:40,689 - INFO - Saved 1000 records at offset 600000
2026-03-20 10:47:44,561 - INFO - Saved 1000 records at offset 601000
2026-03-20 10:47:48,158 - INFO - Saved 1000 records at offset 602000
2026-03-20 10:47:52,358 - INFO - Saved 1000 records at offset 603000
2026-03-20 10:47:56,408 - INFO - Saved 1000 records at offset 604000
2026-03-20 10:48:00,148 - INFO - Saved 1000 records at offset 605000
2026-03-20 10:48:03,884 - INFO - Saved 1000 records at offset 606000
2026-03-20 10:48:07,652 - INFO - Saved 1000 records at offset 607000
2026-03-20 10:48:11,117 - INFO - Saved 1000 records at offset 608000
2026-03-20 10:48:14,578 - INFO - Saved 1000 records at offset 609000
2026-03-20 10:48:18,540 - INFO - Saved 1000 records at offset 610000
2026-03-20 10:48:22,313 - INFO - Saved 1000 records at offset 611000
2026-03-20 10:48:26,085 - INFO - Saved 1000 records at offset 612000
2026-03-20 10:48:29,834 - INFO - Saved 1000 records at offset 613000
2026-03-20 10:48:33,906 - INFO - Saved 1000 records at offset 614000
2026-03-20 10:48:37,927 - INFO - Saved 1000 records at offset 615000
2026-03-20 10:48:41,709 - INFO - Saved 1000 records at offset 616000
2026-03-20 10:48:45,482 - INFO - Saved 1000 records at offset 617000
2026-03-20 10:48:49,156 - INFO - Saved 1000 records at offset 618000
2026-03-20 10:48:53,570 - INFO - Saved 1000 records at offset 619000
2026-03-20 10:48:57,252 - INFO - Saved 1000 records at offset 620000
2026-03-20 10:49:01,388 - INFO - Saved 1000 records at offset 621000
2026-03-20 10:49:05,045 - INFO - Saved 1000 records at offset 622000
2026-03-20 10:49:09,049 - INFO - Saved 1000 records at offset 623000
2026-03-20 10:49:12,723 - INFO - Saved 1000 records at offset 624000
2026-03-20 10:49:16,644 - INFO - Saved 1000 records at offset 625000
2026-03-20 10:49:20,800 - INFO - Saved 1000 records at offset 626000
2026-03-20 10:49:24,525 - INFO - Saved 1000 records at offset 627000
2026-03-20 10:49:28,670 - INFO - Saved 1000 records at offset 628000
2026-03-20 10:49:32,348 - INFO - Saved 1000 records at offset 629000
2026-03-20 10:49:36,572 - INFO - Saved 1000 records at offset 630000
2026-03-20 10:49:40,338 - INFO - Saved 1000 records at offset 631000
2026-03-20 10:49:44,138 - INFO - Saved 1000 records at offset 632000
2026-03-20 10:49:47,839 - INFO - Saved 1000 records at offset 633000
2026-03-20 10:49:51,650 - INFO - Saved 1000 records at offset 634000
2026-03-20 10:49:55,335 - INFO - Saved 1000 records at offset 635000
2026-03-20 10:49:59,045 - INFO - Saved 1000 records at offset 636000
2026-03-20 10:50:02,840 - INFO - Saved 1000 records at offset 637000
2026-03-20 10:50:06,793 - INFO - Saved 1000 records at offset 638000
2026-03-20 10:50:10,839 - INFO - Saved 1000 records at offset 639000
2026-03-20 10:50:14,693 - INFO - Saved 1000 records at offset 640000
2026-03-20 10:50:18,710 - INFO - Saved 1000 records at offset 641000
2026-03-20 10:50:22,478 - INFO - Saved 1000 records at offset 642000
2026-03-20 10:50:26,645 - INFO - Saved 1000 records at offset 643000
2026-03-20 10:50:30,332 - INFO - Saved 1000 records at offset 644000
2026-03-20 10:50:34,319 - INFO - Saved 1000 records at offset 645000
2026-03-20 10:50:38,062 - INFO - Saved 1000 records at offset 646000
2026-03-20 10:50:41,845 - INFO - Saved 1000 records at offset 647000
2026-03-20 10:50:45,800 - INFO - Saved 1000 records at offset 648000
2026-03-20 10:50:49,795 - INFO - Saved 1000 records at offset 649000
2026-03-20 10:50:53,803 - INFO - Saved 1000 records at offset 650000
2026-03-20 10:50:57,645 - INFO - Saved 1000 records at offset 651000
2026-03-20 10:51:01,619 - INFO - Saved 1000 records at offset 652000
2026-03-20 10:51:05,492 - INFO - Saved 1000 records at offset 653000
2026-03-20 10:51:10,171 - INFO - Saved 1000 records at offset 654000
2026-03-20 10:51:13,970 - INFO - Saved 1000 records at offset 655000
2026-03-20 10:51:17,546 - INFO - Saved 1000 records at offset 656000
2026-03-20 10:51:21,689 - INFO - Saved 1000 records at offset 657000
2026-03-20 10:51:25,374 - INFO - Saved 1000 records at offset 658000
2026-03-20 10:51:29,699 - INFO - Saved 1000 records at offset 659000
2026-03-20 10:51:33,765 - INFO - Saved 1000 records at offset 660000
2026-03-20 10:51:37,531 - INFO - Saved 1000 records at offset 661000
2026-03-20 10:51:41,055 - INFO - Saved 1000 records at offset 662000
2026-03-20 10:51:44,543 - INFO - Saved 1000 records at offset 663000
2026-03-20 10:51:48,298 - INFO - Saved 1000 records at offset 664000
2026-03-20 10:51:51,722 - INFO - Saved 1000 records at offset 665000
2026-03-20 10:51:55,415 - INFO - Saved 1000 records at offset 666000
2026-03-20 10:51:58,804 - INFO - Saved 1000 records at offset 667000
2026-03-20 10:52:02,700 - INFO - Saved 1000 records at offset 668000
2026-03-20 10:52:06,576 - INFO - Saved 1000 records at offset 669000
2026-03-20 10:52:10,250 - INFO - Saved 1000 records at offset 670000
2026-03-20 10:52:14,089 - INFO - Saved 1000 records at offset 671000
2026-03-20 10:52:17,632 - INFO - Saved 1000 records at offset 672000
2026-03-20 10:52:21,722 - INFO - Saved 1000 records at offset 673000
2026-03-20 10:52:25,611 - INFO - Saved 1000 records at offset 674000
2026-03-20 10:52:29,879 - INFO - Saved 1000 records at offset 675000
2026-03-20 10:52:33,867 - INFO - Saved 1000 records at offset 676000
2026-03-20 10:52:37,495 - INFO - Saved 1000 records at offset 677000
2026-03-20 10:52:41,607 - INFO - Saved 1000 records at offset 678000
2026-03-20 10:52:45,224 - INFO - Saved 1000 records at offset 679000
2026-03-20 10:52:48,994 - INFO - Saved 1000 records at offset 680000
2026-03-20 10:52:52,825 - INFO - Saved 1000 records at offset 681000
2026-03-20 10:52:56,772 - INFO - Saved 1000 records at offset 682000
2026-03-20 10:53:00,823 - INFO - Saved 1000 records at offset 683000
2026-03-20 10:53:04,526 - INFO - Saved 1000 records at offset 684000
2026-03-20 10:53:08,302 - INFO - Saved 1000 records at offset 685000
2026-03-20 10:53:12,318 - INFO - Saved 1000 records at offset 686000
2026-03-20 10:53:16,161 - INFO - Saved 1000 records at offset 687000
2026-03-20 10:53:20,128 - INFO - Saved 1000 records at offset 688000
2026-03-20 10:53:23,846 - INFO - Saved 1000 records at offset 689000
2026-03-20 10:53:27,978 - INFO - Saved 1000 records at offset 690000
2026-03-20 10:53:31,635 - INFO - Saved 1000 records at offset 691000
2026-03-20 10:53:35,535 - INFO - Saved 1000 records at offset 692000
2026-03-20 10:53:39,437 - INFO - Saved 1000 records at offset 693000
2026-03-20 10:53:43,216 - INFO - Saved 1000 records at offset 694000
2026-03-20 10:53:47,059 - INFO - Saved 1000 records at offset 695000
2026-03-20 10:53:50,537 - INFO - Saved 1000 records at offset 696000
2026-03-20 10:53:53,922 - INFO - Saved 1000 records at offset 697000
2026-03-20 10:53:57,354 - INFO - Saved 1000 records at offset 698000
2026-03-20 10:54:01,242 - INFO - Saved 1000 records at offset 699000
2026-03-20 10:54:05,028 - INFO - Saved 1000 records at offset 700000
2026-03-20 10:54:08,584 - INFO - Saved 1000 records at offset 701000
2026-03-20 10:54:12,290 - INFO - Saved 1000 records at offset 702000
2026-03-20 10:54:15,753 - INFO - Saved 1000 records at offset 703000
2026-03-20 10:54:19,408 - INFO - Saved 1000 records at offset 704000
2026-03-20 10:54:24,753 - INFO - Saved 1000 records at offset 705000
2026-03-20 10:54:28,419 - INFO - Saved 1000 records at offset 706000
2026-03-20 10:54:32,534 - INFO - Saved 1000 records at offset 707000
2026-03-20 10:54:35,985 - INFO - Saved 1000 records at offset 708000
2026-03-20 10:54:39,941 - INFO - Saved 1000 records at offset 709000
2026-03-20 10:54:43,790 - INFO - Saved 1000 records at offset 710000
2026-03-20 10:54:47,650 - INFO - Saved 1000 records at offset 711000
2026-03-20 10:54:51,384 - INFO - Saved 1000 records at offset 712000
2026-03-20 10:54:55,033 - INFO - Saved 1000 records at offset 713000
2026-03-20 10:54:58,689 - INFO - Saved 1000 records at offset 714000
2026-03-20 10:55:03,041 - INFO - Saved 1000 records at offset 715000
2026-03-20 10:55:07,155 - INFO - Saved 1000 records at offset 716000
2026-03-20 10:55:10,766 - INFO - Saved 1000 records at offset 717000
2026-03-20 10:55:14,603 - INFO - Saved 1000 records at offset 718000
2026-03-20 10:55:18,321 - INFO - Saved 1000 records at offset 719000
2026-03-20 10:55:22,075 - INFO - Saved 1000 records at offset 720000
2026-03-20 10:55:25,692 - INFO - Saved 1000 records at offset 721000
2026-03-20 10:55:29,374 - INFO - Saved 1000 records at offset 722000
2026-03-20 10:55:33,219 - INFO - Saved 1000 records at offset 723000
2026-03-20 10:55:37,044 - INFO - Saved 1000 records at offset 724000
2026-03-20 10:55:40,638 - INFO - Saved 1000 records at offset 725000
2026-03-20 10:55:44,694 - INFO - Saved 1000 records at offset 726000
2026-03-20 10:55:48,420 - INFO - Saved 1000 records at offset 727000
2026-03-20 10:55:52,730 - INFO - Saved 1000 records at offset 728000
2026-03-20 10:55:56,467 - INFO - Saved 1000 records at offset 729000
2026-03-20 10:56:00,736 - INFO - Saved 1000 records at offset 730000
2026-03-20 10:56:04,724 - INFO - Saved 1000 records at offset 731000
2026-03-20 10:56:08,655 - INFO - Saved 1000 records at offset 732000
2026-03-20 10:56:12,121 - INFO - Saved 1000 records at offset 733000
2026-03-20 10:56:16,000 - INFO - Saved 1000 records at offset 734000
2026-03-20 10:56:19,759 - INFO - Saved 1000 records at offset 735000
2026-03-20 10:56:23,484 - INFO - Saved 1000 records at offset 736000
2026-03-20 10:56:27,895 - INFO - Saved 1000 records at offset 737000
2026-03-20 10:56:31,503 - INFO - Saved 1000 records at offset 738000
2026-03-20 10:56:35,385 - INFO - Saved 1000 records at offset 739000
2026-03-20 10:56:39,210 - INFO - Saved 1000 records at offset 740000
2026-03-20 10:56:43,016 - INFO - Saved 1000 records at offset 741000
2026-03-20 10:56:46,654 - INFO - Saved 1000 records at offset 742000
2026-03-20 10:56:50,592 - INFO - Saved 1000 records at offset 743000
2026-03-20 10:56:54,521 - INFO - Saved 1000 records at offset 744000
2026-03-20 10:56:57,994 - INFO - Saved 1000 records at offset 745000
2026-03-20 10:57:02,075 - INFO - Saved 1000 records at offset 746000
2026-03-20 10:57:05,829 - INFO - Saved 1000 records at offset 747000
2026-03-20 10:57:09,516 - INFO - Saved 1000 records at offset 748000
2026-03-20 10:57:13,329 - INFO - Saved 1000 records at offset 749000
2026-03-20 10:57:17,053 - INFO - Saved 1000 records at offset 750000
2026-03-20 10:57:20,970 - INFO - Saved 1000 records at offset 751000
2026-03-20 10:57:24,529 - INFO - Saved 1000 records at offset 752000
2026-03-20 10:57:28,381 - INFO - Saved 1000 records at offset 753000
2026-03-20 10:57:32,418 - INFO - Saved 1000 records at offset 754000
2026-03-20 10:57:36,289 - INFO - Saved 1000 records at offset 755000
2026-03-20 10:57:40,313 - INFO - Saved 1000 records at offset 756000
2026-03-20 10:57:44,378 - INFO - Saved 1000 records at offset 757000
2026-03-20 10:57:48,065 - INFO - Saved 1000 records at offset 758000
2026-03-20 10:57:52,041 - INFO - Saved 1000 records at offset 759000
2026-03-20 10:57:55,648 - INFO - Saved 1000 records at offset 760000
2026-03-20 10:57:59,752 - INFO - Saved 1000 records at offset 761000
2026-03-20 10:58:03,724 - INFO - Saved 1000 records at offset 762000
2026-03-20 10:58:07,942 - INFO - Saved 1000 records at offset 763000
2026-03-20 10:58:11,484 - INFO - Saved 1000 records at offset 764000
2026-03-20 10:58:15,171 - INFO - Saved 1000 records at offset 765000
2026-03-20 10:58:18,792 - INFO - Saved 1000 records at offset 766000
2026-03-20 10:58:23,132 - INFO - Saved 1000 records at offset 767000
2026-03-20 10:58:26,727 - INFO - Saved 1000 records at offset 768000
2026-03-20 10:58:30,427 - INFO - Saved 1000 records at offset 769000
2026-03-20 10:58:34,296 - INFO - Saved 1000 records at offset 770000
2026-03-20 10:58:38,437 - INFO - Saved 1000 records at offset 771000
2026-03-20 10:58:42,606 - INFO - Saved 1000 records at offset 772000
2026-03-20 10:58:46,620 - INFO - Saved 1000 records at offset 773000
2026-03-20 10:58:50,496 - INFO - Saved 1000 records at offset 774000
2026-03-20 10:58:53,914 - INFO - Saved 1000 records at offset 775000
2026-03-20 10:58:57,965 - INFO - Saved 1000 records at offset 776000
2026-03-20 10:59:01,913 - INFO - Saved 1000 records at offset 777000
2026-03-20 10:59:05,748 - INFO - Saved 1000 records at offset 778000
2026-03-20 10:59:09,866 - INFO - Saved 1000 records at offset 779000
2026-03-20 10:59:14,402 - INFO - Saved 1000 records at offset 780000
2026-03-20 10:59:18,323 - INFO - Saved 1000 records at offset 781000
2026-03-20 10:59:22,072 - INFO - Saved 1000 records at offset 782000
2026-03-20 10:59:26,710 - INFO - Saved 1000 records at offset 783000
2026-03-20 10:59:30,818 - INFO - Saved 1000 records at offset 784000
2026-03-20 10:59:34,559 - INFO - Saved 1000 records at offset 785000
2026-03-20 10:59:39,243 - INFO - Saved 1000 records at offset 786000
2026-03-20 10:59:43,429 - INFO - Saved 1000 records at offset 787000
2026-03-20 10:59:47,265 - INFO - Saved 1000 records at offset 788000
2026-03-20 10:59:51,084 - INFO - Saved 1000 records at offset 789000
2026-03-20 10:59:54,891 - INFO - Saved 1000 records at offset 790000
2026-03-20 10:59:58,486 - INFO - Saved 1000 records at offset 791000
2026-03-20 11:00:02,225 - INFO - Saved 1000 records at offset 792000
2026-03-20 11:00:05,986 - INFO - Saved 1000 records at offset 793000
2026-03-20 11:00:09,427 - INFO - Saved 1000 records at offset 794000
2026-03-20 11:00:13,347 - INFO - Saved 1000 records at offset 795000
2026-03-20 11:00:17,040 - INFO - Saved 1000 records at offset 796000
2026-03-20 11:00:21,711 - INFO - Saved 1000 records at offset 797000
2026-03-20 11:00:25,337 - INFO - Saved 1000 records at offset 798000
2026-03-20 11:00:29,619 - INFO - Saved 1000 records at offset 799000
2026-03-20 11:00:33,315 - INFO - Saved 1000 records at offset 800000
2026-03-20 11:00:37,147 - INFO - Saved 1000 records at offset 801000
2026-03-20 11:00:40,790 - INFO - Saved 1000 records at offset 802000
2026-03-20 11:00:44,779 - INFO - Saved 1000 records at offset 803000
2026-03-20 11:00:48,953 - INFO - Saved 1000 records at offset 804000
2026-03-20 11:00:52,988 - INFO - Saved 1000 records at offset 805000
2026-03-20 11:00:56,820 - INFO - Saved 1000 records at offset 806000
2026-03-20 11:01:02,490 - INFO - Saved 1000 records at offset 807000
2026-03-20 11:01:06,110 - INFO - Saved 1000 records at offset 808000
2026-03-20 11:01:10,226 - INFO - Saved 1000 records at offset 809000
2026-03-20 11:01:14,131 - INFO - Saved 1000 records at offset 810000
2026-03-20 11:01:18,200 - INFO - Saved 1000 records at offset 811000
2026-03-20 11:01:21,868 - INFO - Saved 1000 records at offset 812000
2026-03-20 11:01:26,144 - INFO - Saved 1000 records at offset 813000
2026-03-20 11:01:30,786 - INFO - Saved 1000 records at offset 814000
2026-03-20 11:01:34,745 - INFO - Saved 1000 records at offset 815000
2026-03-20 11:01:38,401 - INFO - Saved 1000 records at offset 816000
2026-03-20 11:01:42,729 - INFO - Saved 1000 records at offset 817000
2026-03-20 11:01:46,651 - INFO - Saved 1000 records at offset 818000
2026-03-20 11:01:50,818 - INFO - Saved 1000 records at offset 819000
2026-03-20 11:01:55,008 - INFO - Saved 1000 records at offset 820000
2026-03-20 11:01:58,954 - INFO - Saved 1000 records at offset 821000
2026-03-20 11:02:03,418 - INFO - Saved 1000 records at offset 822000
2026-03-20 11:02:07,209 - INFO - Saved 1000 records at offset 823000
2026-03-20 11:02:11,066 - INFO - Saved 1000 records at offset 824000
2026-03-20 11:02:14,970 - INFO - Saved 1000 records at offset 825000
2026-03-20 11:02:18,956 - INFO - Saved 1000 records at offset 826000
2026-03-20 11:02:22,864 - INFO - Saved 1000 records at offset 827000
2026-03-20 11:02:26,692 - INFO - Saved 1000 records at offset 828000
2026-03-20 11:02:30,963 - INFO - Saved 1000 records at offset 829000
2026-03-20 11:02:35,106 - INFO - Saved 1000 records at offset 830000
2026-03-20 11:02:38,956 - INFO - Saved 1000 records at offset 831000
2026-03-20 11:02:42,843 - INFO - Saved 1000 records at offset 832000
2026-03-20 11:02:46,522 - INFO - Saved 1000 records at offset 833000
2026-03-20 11:02:50,524 - INFO - Saved 1000 records at offset 834000
2026-03-20 11:02:54,455 - INFO - Saved 1000 records at offset 835000
2026-03-20 11:02:58,175 - INFO - Saved 1000 records at offset 836000
2026-03-20 11:03:03,605 - INFO - Saved 1000 records at offset 837000
2026-03-20 11:03:07,609 - INFO - Saved 1000 records at offset 838000
2026-03-20 11:03:11,435 - INFO - Saved 1000 records at offset 839000
2026-03-20 11:03:15,627 - INFO - Saved 1000 records at offset 840000
2026-03-20 11:03:19,437 - INFO - Saved 1000 records at offset 841000
2026-03-20 11:03:23,591 - INFO - Saved 1000 records at offset 842000
2026-03-20 11:03:27,629 - INFO - Saved 1000 records at offset 843000
2026-03-20 11:03:31,465 - INFO - Saved 1000 records at offset 844000
2026-03-20 11:03:35,307 - INFO - Saved 1000 records at offset 845000
2026-03-20 11:03:39,271 - INFO - Saved 1000 records at offset 846000
2026-03-20 11:03:43,515 - INFO - Saved 1000 records at offset 847000
2026-03-20 11:03:47,727 - INFO - Saved 1000 records at offset 848000
2026-03-20 11:03:51,614 - INFO - Saved 1000 records at offset 849000
2026-03-20 11:03:55,366 - INFO - Saved 1000 records at offset 850000
2026-03-20 11:03:59,516 - INFO - Saved 1000 records at offset 851000
2026-03-20 11:04:03,623 - INFO - Saved 1000 records at offset 852000
2026-03-20 11:04:07,520 - INFO - Saved 1000 records at offset 853000
2026-03-20 11:04:11,501 - INFO - Saved 1000 records at offset 854000
2026-03-20 11:04:15,717 - INFO - Saved 1000 records at offset 855000
2026-03-20 11:04:19,447 - INFO - Saved 1000 records at offset 856000
2026-03-20 11:04:23,759 - INFO - Saved 1000 records at offset 857000
2026-03-20 11:04:27,722 - INFO - Saved 1000 records at offset 858000
2026-03-20 11:04:31,486 - INFO - Saved 1000 records at offset 859000
2026-03-20 11:04:35,757 - INFO - Saved 1000 records at offset 860000
2026-03-20 11:04:39,663 - INFO - Saved 1000 records at offset 861000
2026-03-20 11:04:43,527 - INFO - Saved 1000 records at offset 862000
2026-03-20 11:04:47,655 - INFO - Saved 1000 records at offset 863000
2026-03-20 11:04:51,823 - INFO - Saved 1000 records at offset 864000
2026-03-20 11:04:56,267 - INFO - Saved 1000 records at offset 865000
2026-03-20 11:05:00,309 - INFO - Saved 1000 records at offset 866000
2026-03-20 11:05:04,313 - INFO - Saved 1000 records at offset 867000
2026-03-20 11:05:08,256 - INFO - Saved 1000 records at offset 868000
2026-03-20 11:05:11,903 - INFO - Saved 1000 records at offset 869000
2026-03-20 11:05:15,988 - INFO - Saved 1000 records at offset 870000
2026-03-20 11:05:19,916 - INFO - Saved 1000 records at offset 871000
2026-03-20 11:05:24,018 - INFO - Saved 1000 records at offset 872000
2026-03-20 11:05:27,966 - INFO - Saved 1000 records at offset 873000
2026-03-20 11:05:31,962 - INFO - Saved 1000 records at offset 874000
2026-03-20 11:05:36,018 - INFO - Saved 1000 records at offset 875000
2026-03-20 11:05:39,892 - INFO - Saved 1000 records at offset 876000
2026-03-20 11:05:43,733 - INFO - Saved 1000 records at offset 877000
2026-03-20 11:05:47,666 - INFO - Saved 1000 records at offset 878000
2026-03-20 11:05:51,824 - INFO - Saved 1000 records at offset 879000
2026-03-20 11:05:55,673 - INFO - Saved 1000 records at offset 880000
2026-03-20 11:05:59,648 - INFO - Saved 1000 records at offset 881000
2026-03-20 11:06:03,845 - INFO - Saved 1000 records at offset 882000
2026-03-20 11:06:07,795 - INFO - Saved 1000 records at offset 883000
2026-03-20 11:06:12,233 - INFO - Saved 1000 records at offset 884000
2026-03-20 11:06:16,229 - INFO - Saved 1000 records at offset 885000
2026-03-20 11:06:20,162 - INFO - Saved 1000 records at offset 886000
2026-03-20 11:06:23,988 - INFO - Saved 1000 records at offset 887000
2026-03-20 11:06:27,687 - INFO - Saved 1000 records at offset 888000
2026-03-20 11:06:31,478 - INFO - Saved 1000 records at offset 889000
2026-03-20 11:06:35,309 - INFO - Saved 1000 records at offset 890000
2026-03-20 11:06:39,336 - INFO - Saved 1000 records at offset 891000
2026-03-20 11:06:43,500 - INFO - Saved 1000 records at offset 892000
2026-03-20 11:06:47,376 - INFO - Saved 1000 records at offset 893000
2026-03-20 11:06:51,543 - INFO - Saved 1000 records at offset 894000
2026-03-20 11:06:55,427 - INFO - Saved 1000 records at offset 895000
2026-03-20 11:06:59,292 - INFO - Saved 1000 records at offset 896000
2026-03-20 11:07:03,797 - INFO - Saved 1000 records at offset 897000
2026-03-20 11:07:08,216 - INFO - Saved 1000 records at offset 898000
2026-03-20 11:07:12,168 - INFO - Saved 1000 records at offset 899000
2026-03-20 11:07:15,797 - INFO - Saved 1000 records at offset 900000
2026-03-20 11:07:19,810 - INFO - Saved 1000 records at offset 901000
2026-03-20 11:07:24,306 - INFO - Saved 1000 records at offset 902000
2026-03-20 11:07:28,078 - INFO - Saved 1000 records at offset 903000
2026-03-20 11:07:32,005 - INFO - Saved 1000 records at offset 904000
2026-03-20 11:07:35,819 - INFO - Saved 1000 records at offset 905000
2026-03-20 11:07:40,339 - INFO - Saved 1000 records at offset 906000
2026-03-20 11:07:44,392 - INFO - Saved 1000 records at offset 907000
2026-03-20 11:07:48,365 - INFO - Saved 1000 records at offset 908000
2026-03-20 11:07:52,493 - INFO - Saved 1000 records at offset 909000
2026-03-20 11:07:56,406 - INFO - Saved 1000 records at offset 910000
2026-03-20 11:08:00,487 - INFO - Saved 1000 records at offset 911000
2026-03-20 11:08:05,321 - INFO - Saved 1000 records at offset 912000
2026-03-20 11:08:09,385 - INFO - Saved 1000 records at offset 913000
2026-03-20 11:08:13,783 - INFO - Saved 1000 records at offset 914000
2026-03-20 11:08:17,780 - INFO - Saved 1000 records at offset 915000
2026-03-20 11:08:21,901 - INFO - Saved 1000 records at offset 916000
2026-03-20 11:08:26,048 - INFO - Saved 1000 records at offset 917000
2026-03-20 11:08:30,074 - INFO - Saved 1000 records at offset 918000
2026-03-20 11:08:34,439 - INFO - Saved 1000 records at offset 919000
2026-03-20 11:08:39,099 - INFO - Saved 1000 records at offset 920000
2026-03-20 11:08:43,077 - INFO - Saved 1000 records at offset 921000
2026-03-20 11:08:47,310 - INFO - Saved 1000 records at offset 922000
2026-03-20 11:08:52,076 - INFO - Saved 1000 records at offset 923000
2026-03-20 11:08:55,868 - INFO - Saved 1000 records at offset 924000
2026-03-20 11:09:00,173 - INFO - Saved 1000 records at offset 925000
2026-03-20 11:09:05,220 - INFO - Saved 1000 records at offset 926000
2026-03-20 11:09:09,192 - INFO - Saved 1000 records at offset 927000
2026-03-20 11:09:13,391 - INFO - Saved 1000 records at offset 928000
2026-03-20 11:09:17,141 - INFO - Saved 1000 records at offset 929000
2026-03-20 11:09:21,433 - INFO - Saved 1000 records at offset 930000
2026-03-20 11:09:26,912 - INFO - Saved 1000 records at offset 931000
2026-03-20 11:09:31,217 - INFO - Saved 1000 records at offset 932000
2026-03-20 11:09:35,333 - INFO - Saved 1000 records at offset 933000
2026-03-20 11:09:40,044 - INFO - Saved 1000 records at offset 934000
2026-03-20 11:09:44,265 - INFO - Saved 1000 records at offset 935000
2026-03-20 11:09:48,236 - INFO - Saved 1000 records at offset 936000
2026-03-20 11:09:52,008 - INFO - Saved 1000 records at offset 937000
2026-03-20 11:09:55,990 - INFO - Saved 1000 records at offset 938000
2026-03-20 11:10:00,539 - INFO - Saved 1000 records at offset 939000
2026-03-20 11:10:04,897 - INFO - Saved 1000 records at offset 940000
2026-03-20 11:10:08,883 - INFO - Saved 1000 records at offset 941000
2026-03-20 11:10:14,236 - INFO - Saved 1000 records at offset 942000
2026-03-20 11:10:17,989 - INFO - Saved 1000 records at offset 943000
2026-03-20 11:10:22,175 - INFO - Saved 1000 records at offset 944000
2026-03-20 11:10:26,128 - INFO - Saved 1000 records at offset 945000
2026-03-20 11:10:30,583 - INFO - Saved 1000 records at offset 946000
2026-03-20 11:10:34,421 - INFO - Saved 1000 records at offset 947000
2026-03-20 11:10:38,688 - INFO - Saved 1000 records at offset 948000
2026-03-20 11:10:42,433 - INFO - Saved 1000 records at offset 949000
2026-03-20 11:10:46,456 - INFO - Saved 1000 records at offset 950000
2026-03-20 11:10:50,733 - INFO - Saved 1000 records at offset 951000
2026-03-20 11:10:54,870 - INFO - Saved 1000 records at offset 952000
2026-03-20 11:10:59,101 - INFO - Saved 1000 records at offset 953000
2026-03-20 11:11:03,357 - INFO - Saved 1000 records at offset 954000
2026-03-20 11:11:07,515 - INFO - Saved 1000 records at offset 955000
2026-03-20 11:11:11,333 - INFO - Saved 1000 records at offset 956000
2026-03-20 11:11:15,547 - INFO - Saved 1000 records at offset 957000
2026-03-20 11:11:19,467 - INFO - Saved 1000 records at offset 958000
2026-03-20 11:11:24,185 - INFO - Saved 1000 records at offset 959000
2026-03-20 11:11:27,931 - INFO - Saved 1000 records at offset 960000
2026-03-20 11:11:31,913 - INFO - Saved 1000 records at offset 961000
2026-03-20 11:11:35,894 - INFO - Saved 1000 records at offset 962000
2026-03-20 11:11:40,444 - INFO - Saved 1000 records at offset 963000
2026-03-20 11:11:44,335 - INFO - Saved 1000 records at offset 964000
2026-03-20 11:11:48,621 - INFO - Saved 1000 records at offset 965000
2026-03-20 11:11:52,826 - INFO - Saved 1000 records at offset 966000
2026-03-20 11:11:56,359 - INFO - Saved 1000 records at offset 967000
2026-03-20 11:12:00,805 - INFO - Saved 1000 records at offset 968000
2026-03-20 11:12:05,600 - INFO - Saved 1000 records at offset 969000
2026-03-20 11:12:09,895 - INFO - Saved 1000 records at offset 970000
2026-03-20 11:12:14,169 - INFO - Saved 1000 records at offset 971000
2026-03-20 11:12:17,848 - INFO - Saved 1000 records at offset 972000
2026-03-20 11:12:22,420 - INFO - Saved 1000 records at offset 973000
2026-03-20 11:12:26,545 - INFO - Saved 1000 records at offset 974000
2026-03-20 11:12:29,968 - INFO - Saved 1000 records at offset 975000
2026-03-20 11:12:33,822 - INFO - Saved 1000 records at offset 976000
2026-03-20 11:12:37,549 - INFO - Saved 1000 records at offset 977000
2026-03-20 11:12:41,294 - INFO - Saved 1000 records at offset 978000
2026-03-20 11:12:45,377 - INFO - Saved 1000 records at offset 979000
2026-03-20 11:12:49,208 - INFO - Saved 1000 records at offset 980000
2026-03-20 11:12:53,215 - INFO - Saved 1000 records at offset 981000
2026-03-20 11:12:57,822 - INFO - Saved 1000 records at offset 982000
2026-03-20 11:13:01,748 - INFO - Saved 1000 records at offset 983000
2026-03-20 11:13:06,081 - INFO - Saved 1000 records at offset 984000
2026-03-20 11:13:09,626 - INFO - Saved 1000 records at offset 985000
2026-03-20 11:13:13,531 - INFO - Saved 1000 records at offset 986000
2026-03-20 11:13:17,354 - INFO - Saved 1000 records at offset 987000
2026-03-20 11:13:21,624 - INFO - Saved 1000 records at offset 988000
2026-03-20 11:13:25,433 - INFO - Saved 1000 records at offset 989000
2026-03-20 11:13:29,127 - INFO - Saved 1000 records at offset 990000
2026-03-20 11:13:33,121 - INFO - Saved 1000 records at offset 991000
2026-03-20 11:13:36,866 - INFO - Saved 1000 records at offset 992000
2026-03-20 11:13:40,934 - INFO - Saved 1000 records at offset 993000
2026-03-20 11:13:44,830 - INFO - Saved 1000 records at offset 994000
2026-03-20 11:13:49,087 - INFO - Saved 1000 records at offset 995000
2026-03-20 11:13:53,062 - INFO - Saved 1000 records at offset 996000
2026-03-20 11:13:57,122 - INFO - Saved 1000 records at offset 997000
2026-03-20 11:14:01,085 - INFO - Saved 1000 records at offset 998000
2026-03-20 11:14:05,112 - INFO - Saved 1000 records at offset 999000
2026-03-20 11:14:08,914 - INFO - Saved 1000 records at offset 1000000
2026-03-20 11:14:12,803 - INFO - Saved 1000 records at offset 1001000
2026-03-20 11:14:17,017 - INFO - Saved 1000 records at offset 1002000
2026-03-20 11:14:21,246 - INFO - Saved 1000 records at offset 1003000
2026-03-20 11:14:25,598 - INFO - Saved 1000 records at offset 1004000
2026-03-20 11:14:29,871 - INFO - Saved 1000 records at offset 1005000
2026-03-20 11:14:33,572 - INFO - Saved 1000 records at offset 1006000
2026-03-20 11:14:37,663 - INFO - Saved 1000 records at offset 1007000
2026-03-20 11:14:41,514 - INFO - Saved 1000 records at offset 1008000
2026-03-20 11:14:45,844 - INFO - Saved 1000 records at offset 1009000
2026-03-20 11:14:49,920 - INFO - Saved 1000 records at offset 1010000
2026-03-20 11:14:53,950 - INFO - Saved 1000 records at offset 1011000
2026-03-20 11:14:59,505 - INFO - Saved 1000 records at offset 1012000
2026-03-20 11:15:04,425 - INFO - Saved 1000 records at offset 1013000
2026-03-20 11:15:09,125 - INFO - Saved 1000 records at offset 1014000
2026-03-20 11:15:13,280 - INFO - Saved 1000 records at offset 1015000
2026-03-20 11:15:17,271 - INFO - Saved 1000 records at offset 1016000
2026-03-20 11:15:21,318 - INFO - Saved 1000 records at offset 1017000
2026-03-20 11:15:25,408 - INFO - Saved 1000 records at offset 1018000
2026-03-20 11:15:29,586 - INFO - Saved 1000 records at offset 1019000
2026-03-20 11:15:34,095 - INFO - Saved 1000 records at offset 1020000
2026-03-20 11:15:38,015 - INFO - Saved 1000 records at offset 1021000
2026-03-20 11:15:42,119 - INFO - Saved 1000 records at offset 1022000
2026-03-20 11:15:46,573 - INFO - Saved 1000 records at offset 1023000
2026-03-20 11:15:50,445 - INFO - Saved 1000 records at offset 1024000
2026-03-20 11:15:54,202 - INFO - Saved 1000 records at offset 1025000
2026-03-20 11:15:58,653 - INFO - Saved 1000 records at offset 1026000
2026-03-20 11:16:02,544 - INFO - Saved 1000 records at offset 1027000
2026-03-20 11:16:06,793 - INFO - Saved 1000 records at offset 1028000
2026-03-20 11:16:13,587 - INFO - Saved 1000 records at offset 1029000
2026-03-20 11:16:17,811 - INFO - Saved 1000 records at offset 1030000
2026-03-20 11:16:21,604 - INFO - Saved 1000 records at offset 1031000
2026-03-20 11:16:25,318 - INFO - Saved 1000 records at offset 1032000
2026-03-20 11:16:29,480 - INFO - Saved 1000 records at offset 1033000
2026-03-20 11:16:33,808 - INFO - Saved 1000 records at offset 1034000
2026-03-20 11:16:37,925 - INFO - Saved 1000 records at offset 1035000
2026-03-20 11:16:41,916 - INFO - Saved 1000 records at offset 1036000
2026-03-20 11:16:46,863 - INFO - Saved 1000 records at offset 1037000
2026-03-20 11:16:51,323 - INFO - Saved 1000 records at offset 1038000
2026-03-20 11:16:55,717 - INFO - Saved 1000 records at offset 1039000
2026-03-20 11:17:00,266 - INFO - Saved 1000 records at offset 1040000
2026-03-20 11:17:04,723 - INFO - Saved 1000 records at offset 1041000
2026-03-20 11:17:08,592 - INFO - Saved 1000 records at offset 1042000
2026-03-20 11:17:13,542 - INFO - Saved 1000 records at offset 1043000
2026-03-20 11:17:18,315 - INFO - Saved 1000 records at offset 1044000
2026-03-20 11:17:22,479 - INFO - Saved 1000 records at offset 1045000
2026-03-20 11:17:27,059 - INFO - Saved 1000 records at offset 1046000
2026-03-20 11:17:31,518 - INFO - Saved 1000 records at offset 1047000
2026-03-20 11:17:35,831 - INFO - Saved 1000 records at offset 1048000
2026-03-20 11:17:39,667 - INFO - Saved 1000 records at offset 1049000
2026-03-20 11:17:44,555 - INFO - Saved 1000 records at offset 1050000
2026-03-20 11:17:48,652 - INFO - Saved 1000 records at offset 1051000
2026-03-20 22:56:12,611 - INFO - Starting ingestion from offset 1052000
2026-03-20 22:56:18,483 - INFO - Saved 1000 records at offset 1052000
2026-03-20 22:56:22,944 - INFO - Saved 1000 records at offset 1053000
2026-03-20 22:56:27,765 - INFO - Saved 1000 records at offset 1054000
2026-03-20 22:56:33,484 - INFO - Saved 1000 records at offset 1055000
